<?xml version="1.0" encoding="UTF-8"?>
<!-- Generated by org.testng.reporters.JUnitReportReporter -->
<testsuite hostname="NIBLP1645" failures="0" tests="2" name="testCases.TC_DashboardTest" time="28.043" errors="0" timestamp="2024-09-26T16:33:19 IST" skipped="0">
  <testcase classname="testCases.TC_DashboardTest" name="verifyingDashboardSectionList" time="13.568"/>
  <testcase classname="testCases.TC_DashboardTest" name="verifyingLeftMenuList" time="14.475"/>
</testsuite> <!-- testCases.TC_DashboardTest -->
